2021-07-25 19:28:15 下午 [Thread: main][ Class:com.zaxxer.hikari.HikariConfig >> Method: com.zaxxer.hikari.HikariConfig.attemptFromContextLoader(HikariConfig.java:949) ]
DEBUG:Driver class oracle.jdbc.driver.OracleDriver not found in Thread context class loader sun.misc.Launcher$AppClassLoader@18b4aac2, trying classloader sun.misc.Launcher$AppClassLoader@18b4aac2
2021-07-25 19:28:15 下午 [Thread: main][ Class:com.zaxxer.hikari.HikariConfig >> Method: com.zaxxer.hikari.HikariConfig.setDriverClassName(HikariConfig.java:482) ]
ERROR:Failed to load driver class oracle.jdbc.driver.OracleDriver from HikariConfig class classloader sun.misc.Launcher$AppClassLoader@18b4aac2
2021-07-25 19:29:11 下午 [Thread: main][ Class:com.zaxxer.hikari.HikariConfig >> Method: com.zaxxer.hikari.HikariConfig.attemptFromContextLoader(HikariConfig.java:946) ]
DEBUG:Driver class oracle.jdbc.driver.OracleDriver found in Thread context class loader sun.misc.Launcher$AppClassLoader@18b4aac2
2021-07-25 19:29:11 下午 [Thread: main][ Class:com.zaxxer.hikari.HikariConfig >> Method: com.zaxxer.hikari.HikariConfig.logConfiguration(HikariConfig.java:1066) ]
DEBUG:HikariPool-1 - configuration:
2021-07-25 19:29:11 下午 [Thread: main][ Class:com.zaxxer.hikari.HikariConfig >> Method: com.zaxxer.hikari.HikariConfig.logConfiguration(HikariConfig.java:1098) ]
DEBUG:allowPoolSuspension.............false
2021-07-25 19:29:11 下午 [Thread: main][ Class:com.zaxxer.hikari.HikariConfig >> Method: com.zaxxer.hikari.HikariConfig.logConfiguration(HikariConfig.java:1098) ]
DEBUG:autoCommit......................true
2021-07-25 19:29:11 下午 [Thread: main][ Class:com.zaxxer.hikari.HikariConfig >> Method: com.zaxxer.hikari.HikariConfig.logConfiguration(HikariConfig.java:1098) ]
DEBUG:catalog.........................none
2021-07-25 19:29:11 下午 [Thread: main][ Class:com.zaxxer.hikari.HikariConfig >> Method: com.zaxxer.hikari.HikariConfig.logConfiguration(HikariConfig.java:1098) ]
DEBUG:connectionInitSql...............none
2021-07-25 19:29:11 下午 [Thread: main][ Class:com.zaxxer.hikari.HikariConfig >> Method: com.zaxxer.hikari.HikariConfig.logConfiguration(HikariConfig.java:1098) ]
DEBUG:connectionTestQuery.............none
2021-07-25 19:29:11 下午 [Thread: main][ Class:com.zaxxer.hikari.HikariConfig >> Method: com.zaxxer.hikari.HikariConfig.logConfiguration(HikariConfig.java:1098) ]
DEBUG:connectionTimeout...............30000
2021-07-25 19:29:11 下午 [Thread: main][ Class:com.zaxxer.hikari.HikariConfig >> Method: com.zaxxer.hikari.HikariConfig.logConfiguration(HikariConfig.java:1098) ]
DEBUG:dataSource......................none
2021-07-25 19:29:11 下午 [Thread: main][ Class:com.zaxxer.hikari.HikariConfig >> Method: com.zaxxer.hikari.HikariConfig.logConfiguration(HikariConfig.java:1098) ]
DEBUG:dataSourceClassName.............none
2021-07-25 19:29:11 下午 [Thread: main][ Class:com.zaxxer.hikari.HikariConfig >> Method: com.zaxxer.hikari.HikariConfig.logConfiguration(HikariConfig.java:1098) ]
DEBUG:dataSourceJNDI..................none
2021-07-25 19:29:11 下午 [Thread: main][ Class:com.zaxxer.hikari.HikariConfig >> Method: com.zaxxer.hikari.HikariConfig.logConfiguration(HikariConfig.java:1098) ]
DEBUG:dataSourceProperties............{password=<masked>, prepStmtCacheSqlLimit=2048, cachePrepStmts=true, prepStmtCacheSize=250}
2021-07-25 19:29:11 下午 [Thread: main][ Class:com.zaxxer.hikari.HikariConfig >> Method: com.zaxxer.hikari.HikariConfig.logConfiguration(HikariConfig.java:1098) ]
DEBUG:driverClassName................."oracle.jdbc.driver.OracleDriver"
2021-07-25 19:29:11 下午 [Thread: main][ Class:com.zaxxer.hikari.HikariConfig >> Method: com.zaxxer.hikari.HikariConfig.logConfiguration(HikariConfig.java:1098) ]
DEBUG:exceptionOverrideClassName......none
2021-07-25 19:29:11 下午 [Thread: main][ Class:com.zaxxer.hikari.HikariConfig >> Method: com.zaxxer.hikari.HikariConfig.logConfiguration(HikariConfig.java:1098) ]
DEBUG:healthCheckProperties...........{}
2021-07-25 19:29:11 下午 [Thread: main][ Class:com.zaxxer.hikari.HikariConfig >> Method: com.zaxxer.hikari.HikariConfig.logConfiguration(HikariConfig.java:1098) ]
DEBUG:healthCheckRegistry.............none
2021-07-25 19:29:11 下午 [Thread: main][ Class:com.zaxxer.hikari.HikariConfig >> Method: com.zaxxer.hikari.HikariConfig.logConfiguration(HikariConfig.java:1098) ]
DEBUG:idleTimeout.....................600000
2021-07-25 19:29:11 下午 [Thread: main][ Class:com.zaxxer.hikari.HikariConfig >> Method: com.zaxxer.hikari.HikariConfig.logConfiguration(HikariConfig.java:1098) ]
DEBUG:initializationFailTimeout.......1
2021-07-25 19:29:11 下午 [Thread: main][ Class:com.zaxxer.hikari.HikariConfig >> Method: com.zaxxer.hikari.HikariConfig.logConfiguration(HikariConfig.java:1098) ]
DEBUG:isolateInternalQueries..........false
2021-07-25 19:29:11 下午 [Thread: main][ Class:com.zaxxer.hikari.HikariConfig >> Method: com.zaxxer.hikari.HikariConfig.logConfiguration(HikariConfig.java:1098) ]
DEBUG:jdbcUrl.........................jdbc:oracle:thin:@localhost:1521/XE
2021-07-25 19:29:11 下午 [Thread: main][ Class:com.zaxxer.hikari.HikariConfig >> Method: com.zaxxer.hikari.HikariConfig.logConfiguration(HikariConfig.java:1098) ]
DEBUG:leakDetectionThreshold..........0
2021-07-25 19:29:11 下午 [Thread: main][ Class:com.zaxxer.hikari.HikariConfig >> Method: com.zaxxer.hikari.HikariConfig.logConfiguration(HikariConfig.java:1098) ]
DEBUG:maxLifetime.....................1800000
2021-07-25 19:29:11 下午 [Thread: main][ Class:com.zaxxer.hikari.HikariConfig >> Method: com.zaxxer.hikari.HikariConfig.logConfiguration(HikariConfig.java:1098) ]
DEBUG:maximumPoolSize.................10
2021-07-25 19:29:11 下午 [Thread: main][ Class:com.zaxxer.hikari.HikariConfig >> Method: com.zaxxer.hikari.HikariConfig.logConfiguration(HikariConfig.java:1098) ]
DEBUG:metricRegistry..................none
2021-07-25 19:29:11 下午 [Thread: main][ Class:com.zaxxer.hikari.HikariConfig >> Method: com.zaxxer.hikari.HikariConfig.logConfiguration(HikariConfig.java:1098) ]
DEBUG:metricsTrackerFactory...........none
2021-07-25 19:29:11 下午 [Thread: main][ Class:com.zaxxer.hikari.HikariConfig >> Method: com.zaxxer.hikari.HikariConfig.logConfiguration(HikariConfig.java:1098) ]
DEBUG:minimumIdle.....................10
2021-07-25 19:29:11 下午 [Thread: main][ Class:com.zaxxer.hikari.HikariConfig >> Method: com.zaxxer.hikari.HikariConfig.logConfiguration(HikariConfig.java:1098) ]
DEBUG:password........................<masked>
2021-07-25 19:29:11 下午 [Thread: main][ Class:com.zaxxer.hikari.HikariConfig >> Method: com.zaxxer.hikari.HikariConfig.logConfiguration(HikariConfig.java:1098) ]
DEBUG:poolName........................"HikariPool-1"
2021-07-25 19:29:11 下午 [Thread: main][ Class:com.zaxxer.hikari.HikariConfig >> Method: com.zaxxer.hikari.HikariConfig.logConfiguration(HikariConfig.java:1098) ]
DEBUG:readOnly........................false
2021-07-25 19:29:11 下午 [Thread: main][ Class:com.zaxxer.hikari.HikariConfig >> Method: com.zaxxer.hikari.HikariConfig.logConfiguration(HikariConfig.java:1098) ]
DEBUG:registerMbeans..................false
2021-07-25 19:29:11 下午 [Thread: main][ Class:com.zaxxer.hikari.HikariConfig >> Method: com.zaxxer.hikari.HikariConfig.logConfiguration(HikariConfig.java:1098) ]
DEBUG:scheduledExecutor...............none
2021-07-25 19:29:11 下午 [Thread: main][ Class:com.zaxxer.hikari.HikariConfig >> Method: com.zaxxer.hikari.HikariConfig.logConfiguration(HikariConfig.java:1098) ]
DEBUG:schema..........................none
2021-07-25 19:29:11 下午 [Thread: main][ Class:com.zaxxer.hikari.HikariConfig >> Method: com.zaxxer.hikari.HikariConfig.logConfiguration(HikariConfig.java:1098) ]
DEBUG:threadFactory...................internal
2021-07-25 19:29:11 下午 [Thread: main][ Class:com.zaxxer.hikari.HikariConfig >> Method: com.zaxxer.hikari.HikariConfig.logConfiguration(HikariConfig.java:1098) ]
DEBUG:transactionIsolation............default
2021-07-25 19:29:11 下午 [Thread: main][ Class:com.zaxxer.hikari.HikariConfig >> Method: com.zaxxer.hikari.HikariConfig.logConfiguration(HikariConfig.java:1098) ]
DEBUG:username........................"oracle"
2021-07-25 19:29:11 下午 [Thread: main][ Class:com.zaxxer.hikari.HikariConfig >> Method: com.zaxxer.hikari.HikariConfig.logConfiguration(HikariConfig.java:1098) ]
DEBUG:validationTimeout...............5000
2021-07-25 19:29:11 下午 [Thread: main][ Class:com.zaxxer.hikari.HikariDataSource >> Method: com.zaxxer.hikari.HikariDataSource.<init>(HikariDataSource.java:80) ]
INFO:HikariPool-1 - Starting...
2021-07-25 19:29:11 下午 [Thread: main][ Class:com.zaxxer.hikari.util.DriverDataSource >> Method: com.zaxxer.hikari.util.DriverDataSource.<init>(DriverDataSource.java:70) ]
WARN:Registered driver with driverClassName=oracle.jdbc.driver.OracleDriver was not found, trying direct instantiation.
2021-07-25 19:29:11 下午 [Thread: main][ Class:com.zaxxer.hikari.util.DriverDataSource >> Method: com.zaxxer.hikari.util.DriverDataSource.<init>(DriverDataSource.java:77) ]
DEBUG:Driver class oracle.jdbc.driver.OracleDriver found in Thread context class loader sun.misc.Launcher$AppClassLoader@18b4aac2
2021-07-25 19:29:12 下午 [Thread: main][ Class:com.zaxxer.hikari.pool.PoolBase >> Method: com.zaxxer.hikari.pool.PoolBase.newConnection(PoolBase.java:372) ]
DEBUG:HikariPool-1 - Failed to create/setup connection: IO 错误: The Network Adapter could not establish the connection
2021-07-25 19:29:12 下午 [Thread: main][ Class:com.zaxxer.hikari.pool.HikariPool >> Method: com.zaxxer.hikari.pool.HikariPool.createPoolEntry(HikariPool.java:503) ]
DEBUG:HikariPool-1 - Cannot acquire connection from data source
java.sql.SQLRecoverableException: IO 错误: The Network Adapter could not establish the connection
	at oracle.jdbc.driver.T4CConnection.logon(T4CConnection.java:854)
	at oracle.jdbc.driver.PhysicalConnection.connect(PhysicalConnection.java:793)
	at oracle.jdbc.driver.T4CDriverExtension.getConnection(T4CDriverExtension.java:57)
	at oracle.jdbc.driver.OracleDriver.connect(OracleDriver.java:747)
	at oracle.jdbc.driver.OracleDriver.connect(OracleDriver.java:562)
	at com.zaxxer.hikari.util.DriverDataSource.getConnection(DriverDataSource.java:138)
	at com.zaxxer.hikari.pool.PoolBase.newConnection(PoolBase.java:358)
	at com.zaxxer.hikari.pool.PoolBase.newPoolEntry(PoolBase.java:206)
	at com.zaxxer.hikari.pool.HikariPool.createPoolEntry(HikariPool.java:477)
	at com.zaxxer.hikari.pool.HikariPool.checkFailFast(HikariPool.java:560)
	at com.zaxxer.hikari.pool.HikariPool.<init>(HikariPool.java:115)
	at com.zaxxer.hikari.HikariDataSource.<init>(HikariDataSource.java:81)
	at com.lyy.JDBCUtil.<clinit>(JDBCUtil.java:33)
Caused by: oracle.net.ns.NetException: The Network Adapter could not establish the connection
	at oracle.net.nt.ConnStrategy.execute(ConnStrategy.java:571)
	at oracle.net.resolver.AddrResolution.resolveAndExecute(AddrResolution.java:548)
	at oracle.net.ns.NSProtocol.establishConnection(NSProtocol.java:682)
	at oracle.net.ns.NSProtocol.connect(NSProtocol.java:309)
	at oracle.jdbc.driver.T4CConnection.connect(T4CConnection.java:1596)
	at oracle.jdbc.driver.T4CConnection.logon(T4CConnection.java:588)
	... 12 more
Caused by: java.io.IOException: Connection refused, socket connect lapse 1 ms. /0:0:0:0:0:0:0:1 1521 30000 1 true
	at oracle.net.nt.TcpNTAdapter.connect(TcpNTAdapter.java:233)
	at oracle.net.nt.ConnOption.connect(ConnOption.java:174)
	at oracle.net.nt.ConnStrategy.execute(ConnStrategy.java:510)
	... 17 more
Caused by: java.net.ConnectException: Connection refused
	at sun.nio.ch.Net.connect0(Native Method)
	at sun.nio.ch.Net.connect(Net.java:454)
	at sun.nio.ch.Net.connect(Net.java:446)
	at sun.nio.ch.SocketChannelImpl.connect(SocketChannelImpl.java:648)
	at java.nio.channels.SocketChannel.open(SocketChannel.java:189)
	at oracle.net.nt.TimeoutSocketChannel.connect(TimeoutSocketChannel.java:99)
	at oracle.net.nt.TimeoutSocketChannel.<init>(TimeoutSocketChannel.java:77)
	at oracle.net.nt.TcpNTAdapter.connect(TcpNTAdapter.java:192)
	... 19 more
2021-07-25 19:29:13 下午 [Thread: main][ Class:com.zaxxer.hikari.pool.HikariPool >> Method: com.zaxxer.hikari.pool.HikariPool.throwPoolInitializationException(HikariPool.java:593) ]
ERROR:HikariPool-1 - Exception during pool initialization.
java.sql.SQLRecoverableException: IO 错误: The Network Adapter could not establish the connection
	at oracle.jdbc.driver.T4CConnection.logon(T4CConnection.java:854)
	at oracle.jdbc.driver.PhysicalConnection.connect(PhysicalConnection.java:793)
	at oracle.jdbc.driver.T4CDriverExtension.getConnection(T4CDriverExtension.java:57)
	at oracle.jdbc.driver.OracleDriver.connect(OracleDriver.java:747)
	at oracle.jdbc.driver.OracleDriver.connect(OracleDriver.java:562)
	at com.zaxxer.hikari.util.DriverDataSource.getConnection(DriverDataSource.java:138)
	at com.zaxxer.hikari.pool.PoolBase.newConnection(PoolBase.java:358)
	at com.zaxxer.hikari.pool.PoolBase.newPoolEntry(PoolBase.java:206)
	at com.zaxxer.hikari.pool.HikariPool.createPoolEntry(HikariPool.java:477)
	at com.zaxxer.hikari.pool.HikariPool.checkFailFast(HikariPool.java:560)
	at com.zaxxer.hikari.pool.HikariPool.<init>(HikariPool.java:115)
	at com.zaxxer.hikari.HikariDataSource.<init>(HikariDataSource.java:81)
	at com.lyy.JDBCUtil.<clinit>(JDBCUtil.java:33)
Caused by: oracle.net.ns.NetException: The Network Adapter could not establish the connection
	at oracle.net.nt.ConnStrategy.execute(ConnStrategy.java:571)
	at oracle.net.resolver.AddrResolution.resolveAndExecute(AddrResolution.java:548)
	at oracle.net.ns.NSProtocol.establishConnection(NSProtocol.java:682)
	at oracle.net.ns.NSProtocol.connect(NSProtocol.java:309)
	at oracle.jdbc.driver.T4CConnection.connect(T4CConnection.java:1596)
	at oracle.jdbc.driver.T4CConnection.logon(T4CConnection.java:588)
	... 12 more
Caused by: java.io.IOException: Connection refused, socket connect lapse 1 ms. /0:0:0:0:0:0:0:1 1521 30000 1 true
	at oracle.net.nt.TcpNTAdapter.connect(TcpNTAdapter.java:233)
	at oracle.net.nt.ConnOption.connect(ConnOption.java:174)
	at oracle.net.nt.ConnStrategy.execute(ConnStrategy.java:510)
	... 17 more
Caused by: java.net.ConnectException: Connection refused
	at sun.nio.ch.Net.connect0(Native Method)
	at sun.nio.ch.Net.connect(Net.java:454)
	at sun.nio.ch.Net.connect(Net.java:446)
	at sun.nio.ch.SocketChannelImpl.connect(SocketChannelImpl.java:648)
	at java.nio.channels.SocketChannel.open(SocketChannel.java:189)
	at oracle.net.nt.TimeoutSocketChannel.connect(TimeoutSocketChannel.java:99)
	at oracle.net.nt.TimeoutSocketChannel.<init>(TimeoutSocketChannel.java:77)
	at oracle.net.nt.TcpNTAdapter.connect(TcpNTAdapter.java:192)
	... 19 more
2021-07-25 19:35:39 下午 [Thread: main][ Class:com.zaxxer.hikari.HikariConfig >> Method: com.zaxxer.hikari.HikariConfig.attemptFromContextLoader(HikariConfig.java:946) ]
DEBUG:Driver class oracle.jdbc.driver.OracleDriver found in Thread context class loader sun.misc.Launcher$AppClassLoader@18b4aac2
2021-07-25 19:35:40 下午 [Thread: main][ Class:com.zaxxer.hikari.HikariConfig >> Method: com.zaxxer.hikari.HikariConfig.logConfiguration(HikariConfig.java:1066) ]
DEBUG:HikariPool-1 - configuration:
2021-07-25 19:35:40 下午 [Thread: main][ Class:com.zaxxer.hikari.HikariConfig >> Method: com.zaxxer.hikari.HikariConfig.logConfiguration(HikariConfig.java:1098) ]
DEBUG:allowPoolSuspension.............false
2021-07-25 19:35:40 下午 [Thread: main][ Class:com.zaxxer.hikari.HikariConfig >> Method: com.zaxxer.hikari.HikariConfig.logConfiguration(HikariConfig.java:1098) ]
DEBUG:autoCommit......................true
2021-07-25 19:35:40 下午 [Thread: main][ Class:com.zaxxer.hikari.HikariConfig >> Method: com.zaxxer.hikari.HikariConfig.logConfiguration(HikariConfig.java:1098) ]
DEBUG:catalog.........................none
2021-07-25 19:35:40 下午 [Thread: main][ Class:com.zaxxer.hikari.HikariConfig >> Method: com.zaxxer.hikari.HikariConfig.logConfiguration(HikariConfig.java:1098) ]
DEBUG:connectionInitSql...............none
2021-07-25 19:35:40 下午 [Thread: main][ Class:com.zaxxer.hikari.HikariConfig >> Method: com.zaxxer.hikari.HikariConfig.logConfiguration(HikariConfig.java:1098) ]
DEBUG:connectionTestQuery.............none
2021-07-25 19:35:40 下午 [Thread: main][ Class:com.zaxxer.hikari.HikariConfig >> Method: com.zaxxer.hikari.HikariConfig.logConfiguration(HikariConfig.java:1098) ]
DEBUG:connectionTimeout...............30000
2021-07-25 19:35:40 下午 [Thread: main][ Class:com.zaxxer.hikari.HikariConfig >> Method: com.zaxxer.hikari.HikariConfig.logConfiguration(HikariConfig.java:1098) ]
DEBUG:dataSource......................none
2021-07-25 19:35:40 下午 [Thread: main][ Class:com.zaxxer.hikari.HikariConfig >> Method: com.zaxxer.hikari.HikariConfig.logConfiguration(HikariConfig.java:1098) ]
DEBUG:dataSourceClassName.............none
2021-07-25 19:35:40 下午 [Thread: main][ Class:com.zaxxer.hikari.HikariConfig >> Method: com.zaxxer.hikari.HikariConfig.logConfiguration(HikariConfig.java:1098) ]
DEBUG:dataSourceJNDI..................none
2021-07-25 19:35:40 下午 [Thread: main][ Class:com.zaxxer.hikari.HikariConfig >> Method: com.zaxxer.hikari.HikariConfig.logConfiguration(HikariConfig.java:1098) ]
DEBUG:dataSourceProperties............{password=<masked>, prepStmtCacheSqlLimit=2048, cachePrepStmts=true, prepStmtCacheSize=250}
2021-07-25 19:35:40 下午 [Thread: main][ Class:com.zaxxer.hikari.HikariConfig >> Method: com.zaxxer.hikari.HikariConfig.logConfiguration(HikariConfig.java:1098) ]
DEBUG:driverClassName................."oracle.jdbc.driver.OracleDriver"
2021-07-25 19:35:40 下午 [Thread: main][ Class:com.zaxxer.hikari.HikariConfig >> Method: com.zaxxer.hikari.HikariConfig.logConfiguration(HikariConfig.java:1098) ]
DEBUG:exceptionOverrideClassName......none
2021-07-25 19:35:40 下午 [Thread: main][ Class:com.zaxxer.hikari.HikariConfig >> Method: com.zaxxer.hikari.HikariConfig.logConfiguration(HikariConfig.java:1098) ]
DEBUG:healthCheckProperties...........{}
2021-07-25 19:35:40 下午 [Thread: main][ Class:com.zaxxer.hikari.HikariConfig >> Method: com.zaxxer.hikari.HikariConfig.logConfiguration(HikariConfig.java:1098) ]
DEBUG:healthCheckRegistry.............none
2021-07-25 19:35:40 下午 [Thread: main][ Class:com.zaxxer.hikari.HikariConfig >> Method: com.zaxxer.hikari.HikariConfig.logConfiguration(HikariConfig.java:1098) ]
DEBUG:idleTimeout.....................600000
2021-07-25 19:35:40 下午 [Thread: main][ Class:com.zaxxer.hikari.HikariConfig >> Method: com.zaxxer.hikari.HikariConfig.logConfiguration(HikariConfig.java:1098) ]
DEBUG:initializationFailTimeout.......1
2021-07-25 19:35:40 下午 [Thread: main][ Class:com.zaxxer.hikari.HikariConfig >> Method: com.zaxxer.hikari.HikariConfig.logConfiguration(HikariConfig.java:1098) ]
DEBUG:isolateInternalQueries..........false
2021-07-25 19:35:40 下午 [Thread: main][ Class:com.zaxxer.hikari.HikariConfig >> Method: com.zaxxer.hikari.HikariConfig.logConfiguration(HikariConfig.java:1098) ]
DEBUG:jdbcUrl.........................jdbc:oracle:thin:@localhost:1521/XE
2021-07-25 19:35:40 下午 [Thread: main][ Class:com.zaxxer.hikari.HikariConfig >> Method: com.zaxxer.hikari.HikariConfig.logConfiguration(HikariConfig.java:1098) ]
DEBUG:leakDetectionThreshold..........0
2021-07-25 19:35:40 下午 [Thread: main][ Class:com.zaxxer.hikari.HikariConfig >> Method: com.zaxxer.hikari.HikariConfig.logConfiguration(HikariConfig.java:1098) ]
DEBUG:maxLifetime.....................1800000
2021-07-25 19:35:40 下午 [Thread: main][ Class:com.zaxxer.hikari.HikariConfig >> Method: com.zaxxer.hikari.HikariConfig.logConfiguration(HikariConfig.java:1098) ]
DEBUG:maximumPoolSize.................10
2021-07-25 19:35:40 下午 [Thread: main][ Class:com.zaxxer.hikari.HikariConfig >> Method: com.zaxxer.hikari.HikariConfig.logConfiguration(HikariConfig.java:1098) ]
DEBUG:metricRegistry..................none
2021-07-25 19:35:40 下午 [Thread: main][ Class:com.zaxxer.hikari.HikariConfig >> Method: com.zaxxer.hikari.HikariConfig.logConfiguration(HikariConfig.java:1098) ]
DEBUG:metricsTrackerFactory...........none
2021-07-25 19:35:40 下午 [Thread: main][ Class:com.zaxxer.hikari.HikariConfig >> Method: com.zaxxer.hikari.HikariConfig.logConfiguration(HikariConfig.java:1098) ]
DEBUG:minimumIdle.....................10
2021-07-25 19:35:40 下午 [Thread: main][ Class:com.zaxxer.hikari.HikariConfig >> Method: com.zaxxer.hikari.HikariConfig.logConfiguration(HikariConfig.java:1098) ]
DEBUG:password........................<masked>
2021-07-25 19:35:40 下午 [Thread: main][ Class:com.zaxxer.hikari.HikariConfig >> Method: com.zaxxer.hikari.HikariConfig.logConfiguration(HikariConfig.java:1098) ]
DEBUG:poolName........................"HikariPool-1"
2021-07-25 19:35:40 下午 [Thread: main][ Class:com.zaxxer.hikari.HikariConfig >> Method: com.zaxxer.hikari.HikariConfig.logConfiguration(HikariConfig.java:1098) ]
DEBUG:readOnly........................false
2021-07-25 19:35:40 下午 [Thread: main][ Class:com.zaxxer.hikari.HikariConfig >> Method: com.zaxxer.hikari.HikariConfig.logConfiguration(HikariConfig.java:1098) ]
DEBUG:registerMbeans..................false
2021-07-25 19:35:40 下午 [Thread: main][ Class:com.zaxxer.hikari.HikariConfig >> Method: com.zaxxer.hikari.HikariConfig.logConfiguration(HikariConfig.java:1098) ]
DEBUG:scheduledExecutor...............none
2021-07-25 19:35:40 下午 [Thread: main][ Class:com.zaxxer.hikari.HikariConfig >> Method: com.zaxxer.hikari.HikariConfig.logConfiguration(HikariConfig.java:1098) ]
DEBUG:schema..........................none
2021-07-25 19:35:40 下午 [Thread: main][ Class:com.zaxxer.hikari.HikariConfig >> Method: com.zaxxer.hikari.HikariConfig.logConfiguration(HikariConfig.java:1098) ]
DEBUG:threadFactory...................internal
2021-07-25 19:35:40 下午 [Thread: main][ Class:com.zaxxer.hikari.HikariConfig >> Method: com.zaxxer.hikari.HikariConfig.logConfiguration(HikariConfig.java:1098) ]
DEBUG:transactionIsolation............default
2021-07-25 19:35:40 下午 [Thread: main][ Class:com.zaxxer.hikari.HikariConfig >> Method: com.zaxxer.hikari.HikariConfig.logConfiguration(HikariConfig.java:1098) ]
DEBUG:username........................"oracle"
2021-07-25 19:35:40 下午 [Thread: main][ Class:com.zaxxer.hikari.HikariConfig >> Method: com.zaxxer.hikari.HikariConfig.logConfiguration(HikariConfig.java:1098) ]
DEBUG:validationTimeout...............5000
2021-07-25 19:35:40 下午 [Thread: main][ Class:com.zaxxer.hikari.HikariDataSource >> Method: com.zaxxer.hikari.HikariDataSource.<init>(HikariDataSource.java:80) ]
INFO:HikariPool-1 - Starting...
2021-07-25 19:35:40 下午 [Thread: main][ Class:com.zaxxer.hikari.util.DriverDataSource >> Method: com.zaxxer.hikari.util.DriverDataSource.<init>(DriverDataSource.java:70) ]
WARN:Registered driver with driverClassName=oracle.jdbc.driver.OracleDriver was not found, trying direct instantiation.
2021-07-25 19:35:40 下午 [Thread: main][ Class:com.zaxxer.hikari.util.DriverDataSource >> Method: com.zaxxer.hikari.util.DriverDataSource.<init>(DriverDataSource.java:77) ]
DEBUG:Driver class oracle.jdbc.driver.OracleDriver found in Thread context class loader sun.misc.Launcher$AppClassLoader@18b4aac2
2021-07-25 19:35:40 下午 [Thread: main][ Class:com.zaxxer.hikari.pool.HikariPool >> Method: com.zaxxer.hikari.pool.HikariPool.checkFailFast(HikariPool.java:564) ]
DEBUG:HikariPool-1 - Added connection oracle.jdbc.driver.T4CConnection@4afcd809
2021-07-25 19:35:40 下午 [Thread: main][ Class:com.zaxxer.hikari.HikariDataSource >> Method: com.zaxxer.hikari.HikariDataSource.<init>(HikariDataSource.java:82) ]
INFO:HikariPool-1 - Start completed.
2021-07-25 19:35:40 下午 [Thread: HikariPool-1 housekeeper][ Class:com.zaxxer.hikari.pool.HikariPool >> Method: com.zaxxer.hikari.pool.HikariPool.logPoolState(HikariPool.java:421) ]
DEBUG:HikariPool-1 - Pool stats (total=1, active=1, idle=0, waiting=0)
2021-07-25 19:35:40 下午 [Thread: HikariPool-1 connection adder][ Class:com.zaxxer.hikari.pool.HikariPool >> Method: com.zaxxer.hikari.pool.HikariPool$PoolEntryCreator.call(HikariPool.java:728) ]
DEBUG:HikariPool-1 - Added connection oracle.jdbc.driver.T4CConnection@65a74f00
2021-07-25 19:35:40 下午 [Thread: HikariPool-1 connection adder][ Class:com.zaxxer.hikari.pool.HikariPool >> Method: com.zaxxer.hikari.pool.HikariPool$PoolEntryCreator.call(HikariPool.java:728) ]
DEBUG:HikariPool-1 - Added connection oracle.jdbc.driver.T4CConnection@2ac064c7
2021-07-25 19:35:40 下午 [Thread: HikariPool-1 connection adder][ Class:com.zaxxer.hikari.pool.HikariPool >> Method: com.zaxxer.hikari.pool.HikariPool$PoolEntryCreator.call(HikariPool.java:728) ]
DEBUG:HikariPool-1 - Added connection oracle.jdbc.driver.T4CConnection@693420f4
2021-07-25 19:36:01 下午 [Thread: main][ Class:com.zaxxer.hikari.HikariConfig >> Method: com.zaxxer.hikari.HikariConfig.attemptFromContextLoader(HikariConfig.java:946) ]
DEBUG:Driver class oracle.jdbc.driver.OracleDriver found in Thread context class loader sun.misc.Launcher$AppClassLoader@18b4aac2
2021-07-25 19:36:01 下午 [Thread: main][ Class:com.zaxxer.hikari.HikariConfig >> Method: com.zaxxer.hikari.HikariConfig.logConfiguration(HikariConfig.java:1066) ]
DEBUG:HikariPool-1 - configuration:
2021-07-25 19:36:01 下午 [Thread: main][ Class:com.zaxxer.hikari.HikariConfig >> Method: com.zaxxer.hikari.HikariConfig.logConfiguration(HikariConfig.java:1098) ]
DEBUG:allowPoolSuspension.............false
2021-07-25 19:36:01 下午 [Thread: main][ Class:com.zaxxer.hikari.HikariConfig >> Method: com.zaxxer.hikari.HikariConfig.logConfiguration(HikariConfig.java:1098) ]
DEBUG:autoCommit......................true
2021-07-25 19:36:01 下午 [Thread: main][ Class:com.zaxxer.hikari.HikariConfig >> Method: com.zaxxer.hikari.HikariConfig.logConfiguration(HikariConfig.java:1098) ]
DEBUG:catalog.........................none
2021-07-25 19:36:01 下午 [Thread: main][ Class:com.zaxxer.hikari.HikariConfig >> Method: com.zaxxer.hikari.HikariConfig.logConfiguration(HikariConfig.java:1098) ]
DEBUG:connectionInitSql...............none
2021-07-25 19:36:01 下午 [Thread: main][ Class:com.zaxxer.hikari.HikariConfig >> Method: com.zaxxer.hikari.HikariConfig.logConfiguration(HikariConfig.java:1098) ]
DEBUG:connectionTestQuery.............none
2021-07-25 19:36:01 下午 [Thread: main][ Class:com.zaxxer.hikari.HikariConfig >> Method: com.zaxxer.hikari.HikariConfig.logConfiguration(HikariConfig.java:1098) ]
DEBUG:connectionTimeout...............30000
2021-07-25 19:36:01 下午 [Thread: main][ Class:com.zaxxer.hikari.HikariConfig >> Method: com.zaxxer.hikari.HikariConfig.logConfiguration(HikariConfig.java:1098) ]
DEBUG:dataSource......................none
2021-07-25 19:36:01 下午 [Thread: main][ Class:com.zaxxer.hikari.HikariConfig >> Method: com.zaxxer.hikari.HikariConfig.logConfiguration(HikariConfig.java:1098) ]
DEBUG:dataSourceClassName.............none
2021-07-25 19:36:01 下午 [Thread: main][ Class:com.zaxxer.hikari.HikariConfig >> Method: com.zaxxer.hikari.HikariConfig.logConfiguration(HikariConfig.java:1098) ]
DEBUG:dataSourceJNDI..................none
2021-07-25 19:36:01 下午 [Thread: main][ Class:com.zaxxer.hikari.HikariConfig >> Method: com.zaxxer.hikari.HikariConfig.logConfiguration(HikariConfig.java:1098) ]
DEBUG:dataSourceProperties............{password=<masked>, prepStmtCacheSqlLimit=2048, cachePrepStmts=true, prepStmtCacheSize=250}
2021-07-25 19:36:01 下午 [Thread: main][ Class:com.zaxxer.hikari.HikariConfig >> Method: com.zaxxer.hikari.HikariConfig.logConfiguration(HikariConfig.java:1098) ]
DEBUG:driverClassName................."oracle.jdbc.driver.OracleDriver"
2021-07-25 19:36:01 下午 [Thread: main][ Class:com.zaxxer.hikari.HikariConfig >> Method: com.zaxxer.hikari.HikariConfig.logConfiguration(HikariConfig.java:1098) ]
DEBUG:exceptionOverrideClassName......none
2021-07-25 19:36:01 下午 [Thread: main][ Class:com.zaxxer.hikari.HikariConfig >> Method: com.zaxxer.hikari.HikariConfig.logConfiguration(HikariConfig.java:1098) ]
DEBUG:healthCheckProperties...........{}
2021-07-25 19:36:01 下午 [Thread: main][ Class:com.zaxxer.hikari.HikariConfig >> Method: com.zaxxer.hikari.HikariConfig.logConfiguration(HikariConfig.java:1098) ]
DEBUG:healthCheckRegistry.............none
2021-07-25 19:36:01 下午 [Thread: main][ Class:com.zaxxer.hikari.HikariConfig >> Method: com.zaxxer.hikari.HikariConfig.logConfiguration(HikariConfig.java:1098) ]
DEBUG:idleTimeout.....................600000
2021-07-25 19:36:01 下午 [Thread: main][ Class:com.zaxxer.hikari.HikariConfig >> Method: com.zaxxer.hikari.HikariConfig.logConfiguration(HikariConfig.java:1098) ]
DEBUG:initializationFailTimeout.......1
2021-07-25 19:36:01 下午 [Thread: main][ Class:com.zaxxer.hikari.HikariConfig >> Method: com.zaxxer.hikari.HikariConfig.logConfiguration(HikariConfig.java:1098) ]
DEBUG:isolateInternalQueries..........false
2021-07-25 19:36:01 下午 [Thread: main][ Class:com.zaxxer.hikari.HikariConfig >> Method: com.zaxxer.hikari.HikariConfig.logConfiguration(HikariConfig.java:1098) ]
DEBUG:jdbcUrl.........................jdbc:oracle:thin:@localhost:1521/XE
2021-07-25 19:36:01 下午 [Thread: main][ Class:com.zaxxer.hikari.HikariConfig >> Method: com.zaxxer.hikari.HikariConfig.logConfiguration(HikariConfig.java:1098) ]
DEBUG:leakDetectionThreshold..........0
2021-07-25 19:36:01 下午 [Thread: main][ Class:com.zaxxer.hikari.HikariConfig >> Method: com.zaxxer.hikari.HikariConfig.logConfiguration(HikariConfig.java:1098) ]
DEBUG:maxLifetime.....................1800000
2021-07-25 19:36:01 下午 [Thread: main][ Class:com.zaxxer.hikari.HikariConfig >> Method: com.zaxxer.hikari.HikariConfig.logConfiguration(HikariConfig.java:1098) ]
DEBUG:maximumPoolSize.................10
2021-07-25 19:36:01 下午 [Thread: main][ Class:com.zaxxer.hikari.HikariConfig >> Method: com.zaxxer.hikari.HikariConfig.logConfiguration(HikariConfig.java:1098) ]
DEBUG:metricRegistry..................none
2021-07-25 19:36:01 下午 [Thread: main][ Class:com.zaxxer.hikari.HikariConfig >> Method: com.zaxxer.hikari.HikariConfig.logConfiguration(HikariConfig.java:1098) ]
DEBUG:metricsTrackerFactory...........none
2021-07-25 19:36:01 下午 [Thread: main][ Class:com.zaxxer.hikari.HikariConfig >> Method: com.zaxxer.hikari.HikariConfig.logConfiguration(HikariConfig.java:1098) ]
DEBUG:minimumIdle.....................10
2021-07-25 19:36:01 下午 [Thread: main][ Class:com.zaxxer.hikari.HikariConfig >> Method: com.zaxxer.hikari.HikariConfig.logConfiguration(HikariConfig.java:1098) ]
DEBUG:password........................<masked>
2021-07-25 19:36:01 下午 [Thread: main][ Class:com.zaxxer.hikari.HikariConfig >> Method: com.zaxxer.hikari.HikariConfig.logConfiguration(HikariConfig.java:1098) ]
DEBUG:poolName........................"HikariPool-1"
2021-07-25 19:36:01 下午 [Thread: main][ Class:com.zaxxer.hikari.HikariConfig >> Method: com.zaxxer.hikari.HikariConfig.logConfiguration(HikariConfig.java:1098) ]
DEBUG:readOnly........................false
2021-07-25 19:36:01 下午 [Thread: main][ Class:com.zaxxer.hikari.HikariConfig >> Method: com.zaxxer.hikari.HikariConfig.logConfiguration(HikariConfig.java:1098) ]
DEBUG:registerMbeans..................false
2021-07-25 19:36:01 下午 [Thread: main][ Class:com.zaxxer.hikari.HikariConfig >> Method: com.zaxxer.hikari.HikariConfig.logConfiguration(HikariConfig.java:1098) ]
DEBUG:scheduledExecutor...............none
2021-07-25 19:36:01 下午 [Thread: main][ Class:com.zaxxer.hikari.HikariConfig >> Method: com.zaxxer.hikari.HikariConfig.logConfiguration(HikariConfig.java:1098) ]
DEBUG:schema..........................none
2021-07-25 19:36:01 下午 [Thread: main][ Class:com.zaxxer.hikari.HikariConfig >> Method: com.zaxxer.hikari.HikariConfig.logConfiguration(HikariConfig.java:1098) ]
DEBUG:threadFactory...................internal
2021-07-25 19:36:01 下午 [Thread: main][ Class:com.zaxxer.hikari.HikariConfig >> Method: com.zaxxer.hikari.HikariConfig.logConfiguration(HikariConfig.java:1098) ]
DEBUG:transactionIsolation............default
2021-07-25 19:36:01 下午 [Thread: main][ Class:com.zaxxer.hikari.HikariConfig >> Method: com.zaxxer.hikari.HikariConfig.logConfiguration(HikariConfig.java:1098) ]
DEBUG:username........................"oracle"
2021-07-25 19:36:01 下午 [Thread: main][ Class:com.zaxxer.hikari.HikariConfig >> Method: com.zaxxer.hikari.HikariConfig.logConfiguration(HikariConfig.java:1098) ]
DEBUG:validationTimeout...............5000
2021-07-25 19:36:01 下午 [Thread: main][ Class:com.zaxxer.hikari.HikariDataSource >> Method: com.zaxxer.hikari.HikariDataSource.<init>(HikariDataSource.java:80) ]
INFO:HikariPool-1 - Starting...
2021-07-25 19:36:01 下午 [Thread: main][ Class:com.zaxxer.hikari.util.DriverDataSource >> Method: com.zaxxer.hikari.util.DriverDataSource.<init>(DriverDataSource.java:70) ]
WARN:Registered driver with driverClassName=oracle.jdbc.driver.OracleDriver was not found, trying direct instantiation.
2021-07-25 19:36:01 下午 [Thread: main][ Class:com.zaxxer.hikari.util.DriverDataSource >> Method: com.zaxxer.hikari.util.DriverDataSource.<init>(DriverDataSource.java:77) ]
DEBUG:Driver class oracle.jdbc.driver.OracleDriver found in Thread context class loader sun.misc.Launcher$AppClassLoader@18b4aac2
2021-07-25 19:36:02 下午 [Thread: main][ Class:com.zaxxer.hikari.pool.HikariPool >> Method: com.zaxxer.hikari.pool.HikariPool.checkFailFast(HikariPool.java:564) ]
DEBUG:HikariPool-1 - Added connection oracle.jdbc.driver.T4CConnection@4afcd809
2021-07-25 19:36:02 下午 [Thread: main][ Class:com.zaxxer.hikari.HikariDataSource >> Method: com.zaxxer.hikari.HikariDataSource.<init>(HikariDataSource.java:82) ]
INFO:HikariPool-1 - Start completed.
2021-07-25 19:36:14 下午 [Thread: HikariPool-1 housekeeper][ Class:com.zaxxer.hikari.pool.HikariPool >> Method: com.zaxxer.hikari.pool.HikariPool.logPoolState(HikariPool.java:421) ]
DEBUG:HikariPool-1 - Pool stats (total=1, active=0, idle=1, waiting=0)
2021-07-25 19:36:23 下午 [Thread: HikariPool-1 connection adder][ Class:com.zaxxer.hikari.pool.HikariPool >> Method: com.zaxxer.hikari.pool.HikariPool$PoolEntryCreator.call(HikariPool.java:728) ]
DEBUG:HikariPool-1 - Added connection oracle.jdbc.driver.T4CConnection@787796d8
2021-07-25 19:36:45 下午 [Thread: HikariPool-1 connection adder][ Class:com.zaxxer.hikari.pool.HikariPool >> Method: com.zaxxer.hikari.pool.HikariPool$PoolEntryCreator.call(HikariPool.java:728) ]
DEBUG:HikariPool-1 - Added connection oracle.jdbc.driver.T4CConnection@75043b3c
2021-07-25 19:36:46 下午 [Thread: HikariPool-1 housekeeper][ Class:com.zaxxer.hikari.pool.HikariPool >> Method: com.zaxxer.hikari.pool.HikariPool.logPoolState(HikariPool.java:421) ]
DEBUG:HikariPool-1 - Pool stats (total=3, active=1, idle=2, waiting=0)
2021-07-25 19:36:46 下午 [Thread: HikariPool-1 connection adder][ Class:com.zaxxer.hikari.pool.HikariPool >> Method: com.zaxxer.hikari.pool.HikariPool$PoolEntryCreator.call(HikariPool.java:728) ]
DEBUG:HikariPool-1 - Added connection oracle.jdbc.driver.T4CConnection@9a2d332
2021-07-25 19:36:46 下午 [Thread: HikariPool-1 connection adder][ Class:com.zaxxer.hikari.pool.HikariPool >> Method: com.zaxxer.hikari.pool.HikariPool$PoolEntryCreator.call(HikariPool.java:728) ]
DEBUG:HikariPool-1 - Added connection oracle.jdbc.driver.T4CConnection@44fb81e3
2021-07-25 19:36:46 下午 [Thread: HikariPool-1 connection adder][ Class:com.zaxxer.hikari.pool.HikariPool >> Method: com.zaxxer.hikari.pool.HikariPool$PoolEntryCreator.call(HikariPool.java:728) ]
DEBUG:HikariPool-1 - Added connection oracle.jdbc.driver.T4CConnection@4cf1626a
2021-07-25 19:36:46 下午 [Thread: HikariPool-1 connection adder][ Class:com.zaxxer.hikari.pool.HikariPool >> Method: com.zaxxer.hikari.pool.HikariPool$PoolEntryCreator.call(HikariPool.java:728) ]
DEBUG:HikariPool-1 - Added connection oracle.jdbc.driver.T4CConnection@41c9b2b5
2021-07-25 19:36:46 下午 [Thread: HikariPool-1 connection adder][ Class:com.zaxxer.hikari.pool.HikariPool >> Method: com.zaxxer.hikari.pool.HikariPool$PoolEntryCreator.call(HikariPool.java:728) ]
DEBUG:HikariPool-1 - Added connection oracle.jdbc.driver.T4CConnection@564c6be4
2021-07-25 19:36:46 下午 [Thread: HikariPool-1 connection adder][ Class:com.zaxxer.hikari.pool.HikariPool >> Method: com.zaxxer.hikari.pool.HikariPool$PoolEntryCreator.call(HikariPool.java:728) ]
DEBUG:HikariPool-1 - Added connection oracle.jdbc.driver.T4CConnection@3b32fb1d
2021-07-25 19:36:46 下午 [Thread: HikariPool-1 connection adder][ Class:com.zaxxer.hikari.pool.HikariPool >> Method: com.zaxxer.hikari.pool.HikariPool$PoolEntryCreator.call(HikariPool.java:728) ]
DEBUG:HikariPool-1 - Added connection oracle.jdbc.driver.T4CConnection@5e00535f
2021-07-25 19:36:46 下午 [Thread: HikariPool-1 connection adder][ Class:com.zaxxer.hikari.pool.HikariPool >> Method: com.zaxxer.hikari.pool.HikariPool.logPoolState(HikariPool.java:421) ]
DEBUG:HikariPool-1 - After adding stats (total=10, active=1, idle=9, waiting=0)
