2021-05-26 22:28:25.937 >>> [main] >>> WARN  >>> o.s.b.t.j.DuplicateJsonObjectContextCustomizerFactory$DuplicateJsonObjectContextCustomizer >>> 

Found multiple occurrences of org.json.JSONObject on the class path:

	jar:file:/Users/liuyongyu/.m2/repository/com/vaadin/external/google/android-json/0.0.20131108.vaadin1/android-json-0.0.20131108.vaadin1.jar!/org/json/JSONObject.class
	jar:file:/Users/liuyongyu/.m2/repository/org/json/json/20210307/json-20210307.jar!/org/json/JSONObject.class

You may wish to exclude one of them to ensure predictable runtime behavior

2021-05-26 22:28:25.984 >>> [main] >>> INFO  >>> com.lyy.uploadfile.UploadfileApplicationTests >>> Starting UploadfileApplicationTests on 192.168.2.103 with PID 7589 (started by liuyongyu in /Users/liuyongyu/IdeaProjects/tool/uploadfile)
2021-05-26 22:28:25.985 >>> [main] >>> INFO  >>> com.lyy.uploadfile.UploadfileApplicationTests >>> No active profile set, falling back to default profiles: default
2021-05-26 22:28:27.889 >>> [main] >>> INFO  >>> o.s.scheduling.concurrent.ThreadPoolTaskExecutor >>> Initializing ExecutorService 'applicationTaskExecutor'
2021-05-26 22:28:28.257 >>> [main] >>> INFO  >>> com.lyy.uploadfile.UploadfileApplicationTests >>> Started UploadfileApplicationTests in 2.508 seconds (JVM running for 3.781)
2021-05-26 22:28:28.511 >>> [main] >>> INFO  >>> com.zaxxer.hikari.HikariDataSource >>> HikariPool-1 - Starting...
2021-05-26 22:28:28.515 >>> [main] >>> WARN  >>> com.zaxxer.hikari.util.DriverDataSource >>> Registered driver with driverClassName=oracle.jdbc.driver.OracleDriver was not found, trying direct instantiation.
2021-05-26 22:28:28.946 >>> [main] >>> INFO  >>> com.zaxxer.hikari.HikariDataSource >>> HikariPool-1 - Start completed.
2021-05-26 22:28:29.186 >>> [SpringContextShutdownHook] >>> INFO  >>> o.s.scheduling.concurrent.ThreadPoolTaskExecutor >>> Shutting down ExecutorService 'applicationTaskExecutor'
2021-05-26 22:28:29.189 >>> [SpringContextShutdownHook] >>> INFO  >>> com.zaxxer.hikari.HikariDataSource >>> HikariPool-1 - Shutdown initiated...
2021-05-26 22:28:29.237 >>> [SpringContextShutdownHook] >>> INFO  >>> com.zaxxer.hikari.HikariDataSource >>> HikariPool-1 - Shutdown completed.
2021-05-26 22:29:19.060 >>> [main] >>> WARN  >>> o.s.b.t.j.DuplicateJsonObjectContextCustomizerFactory$DuplicateJsonObjectContextCustomizer >>> 

Found multiple occurrences of org.json.JSONObject on the class path:

	jar:file:/Users/liuyongyu/.m2/repository/com/vaadin/external/google/android-json/0.0.20131108.vaadin1/android-json-0.0.20131108.vaadin1.jar!/org/json/JSONObject.class
	jar:file:/Users/liuyongyu/.m2/repository/org/json/json/20210307/json-20210307.jar!/org/json/JSONObject.class

You may wish to exclude one of them to ensure predictable runtime behavior

2021-05-26 22:29:19.083 >>> [main] >>> INFO  >>> com.lyy.uploadfile.UploadfileApplicationTests >>> Starting UploadfileApplicationTests on 192.168.2.103 with PID 7598 (started by liuyongyu in /Users/liuyongyu/IdeaProjects/tool/uploadfile)
2021-05-26 22:29:19.084 >>> [main] >>> INFO  >>> com.lyy.uploadfile.UploadfileApplicationTests >>> No active profile set, falling back to default profiles: default
2021-05-26 22:29:21.089 >>> [main] >>> INFO  >>> o.s.scheduling.concurrent.ThreadPoolTaskExecutor >>> Initializing ExecutorService 'applicationTaskExecutor'
2021-05-26 22:29:21.456 >>> [main] >>> INFO  >>> com.lyy.uploadfile.UploadfileApplicationTests >>> Started UploadfileApplicationTests in 2.627 seconds (JVM running for 3.781)
2021-05-26 22:29:21.661 >>> [main] >>> INFO  >>> com.zaxxer.hikari.HikariDataSource >>> HikariPool-1 - Starting...
2021-05-26 22:29:21.666 >>> [main] >>> WARN  >>> com.zaxxer.hikari.util.DriverDataSource >>> Registered driver with driverClassName=oracle.jdbc.driver.OracleDriver was not found, trying direct instantiation.
2021-05-26 22:29:22.112 >>> [main] >>> INFO  >>> com.zaxxer.hikari.HikariDataSource >>> HikariPool-1 - Start completed.
2021-05-26 22:29:22.378 >>> [SpringContextShutdownHook] >>> INFO  >>> o.s.scheduling.concurrent.ThreadPoolTaskExecutor >>> Shutting down ExecutorService 'applicationTaskExecutor'
2021-05-26 22:29:22.380 >>> [SpringContextShutdownHook] >>> INFO  >>> com.zaxxer.hikari.HikariDataSource >>> HikariPool-1 - Shutdown initiated...
2021-05-26 22:29:22.435 >>> [SpringContextShutdownHook] >>> INFO  >>> com.zaxxer.hikari.HikariDataSource >>> HikariPool-1 - Shutdown completed.
2021-05-26 22:32:53.036 >>> [main] >>> WARN  >>> o.s.b.t.j.DuplicateJsonObjectContextCustomizerFactory$DuplicateJsonObjectContextCustomizer >>> 

Found multiple occurrences of org.json.JSONObject on the class path:

	jar:file:/Users/liuyongyu/.m2/repository/com/vaadin/external/google/android-json/0.0.20131108.vaadin1/android-json-0.0.20131108.vaadin1.jar!/org/json/JSONObject.class
	jar:file:/Users/liuyongyu/.m2/repository/org/json/json/20210307/json-20210307.jar!/org/json/JSONObject.class

You may wish to exclude one of them to ensure predictable runtime behavior

2021-05-26 22:32:53.056 >>> [main] >>> INFO  >>> com.lyy.uploadfile.UploadfileApplicationTests >>> Starting UploadfileApplicationTests on 192.168.2.103 with PID 7611 (started by liuyongyu in /Users/liuyongyu/IdeaProjects/tool/uploadfile)
2021-05-26 22:32:53.057 >>> [main] >>> INFO  >>> com.lyy.uploadfile.UploadfileApplicationTests >>> No active profile set, falling back to default profiles: default
2021-05-26 22:32:55.023 >>> [main] >>> INFO  >>> o.s.scheduling.concurrent.ThreadPoolTaskExecutor >>> Initializing ExecutorService 'applicationTaskExecutor'
2021-05-26 22:32:55.361 >>> [main] >>> INFO  >>> com.lyy.uploadfile.UploadfileApplicationTests >>> Started UploadfileApplicationTests in 2.553 seconds (JVM running for 3.669)
2021-05-26 22:32:55.592 >>> [main] >>> INFO  >>> com.zaxxer.hikari.HikariDataSource >>> HikariPool-1 - Starting...
2021-05-26 22:32:55.599 >>> [main] >>> WARN  >>> com.zaxxer.hikari.util.DriverDataSource >>> Registered driver with driverClassName=oracle.jdbc.driver.OracleDriver was not found, trying direct instantiation.
2021-05-26 22:32:56.086 >>> [main] >>> INFO  >>> com.zaxxer.hikari.HikariDataSource >>> HikariPool-1 - Start completed.
2021-05-26 22:32:56.405 >>> [SpringContextShutdownHook] >>> INFO  >>> o.s.scheduling.concurrent.ThreadPoolTaskExecutor >>> Shutting down ExecutorService 'applicationTaskExecutor'
2021-05-26 22:32:56.407 >>> [SpringContextShutdownHook] >>> INFO  >>> com.zaxxer.hikari.HikariDataSource >>> HikariPool-1 - Shutdown initiated...
2021-05-26 22:32:56.450 >>> [SpringContextShutdownHook] >>> INFO  >>> com.zaxxer.hikari.HikariDataSource >>> HikariPool-1 - Shutdown completed.
2021-05-26 22:33:40.325 >>> [main] >>> WARN  >>> o.s.b.t.j.DuplicateJsonObjectContextCustomizerFactory$DuplicateJsonObjectContextCustomizer >>> 

Found multiple occurrences of org.json.JSONObject on the class path:

	jar:file:/Users/liuyongyu/.m2/repository/com/vaadin/external/google/android-json/0.0.20131108.vaadin1/android-json-0.0.20131108.vaadin1.jar!/org/json/JSONObject.class
	jar:file:/Users/liuyongyu/.m2/repository/org/json/json/20210307/json-20210307.jar!/org/json/JSONObject.class

You may wish to exclude one of them to ensure predictable runtime behavior

2021-05-26 22:33:40.350 >>> [main] >>> INFO  >>> com.lyy.uploadfile.UploadfileApplicationTests >>> Starting UploadfileApplicationTests on 192.168.2.103 with PID 7618 (started by liuyongyu in /Users/liuyongyu/IdeaProjects/tool/uploadfile)
2021-05-26 22:33:40.351 >>> [main] >>> INFO  >>> com.lyy.uploadfile.UploadfileApplicationTests >>> No active profile set, falling back to default profiles: default
2021-05-26 22:33:42.243 >>> [main] >>> INFO  >>> o.s.scheduling.concurrent.ThreadPoolTaskExecutor >>> Initializing ExecutorService 'applicationTaskExecutor'
2021-05-26 22:33:42.616 >>> [main] >>> INFO  >>> com.lyy.uploadfile.UploadfileApplicationTests >>> Started UploadfileApplicationTests in 2.502 seconds (JVM running for 3.677)
2021-05-26 22:33:42.827 >>> [main] >>> INFO  >>> com.zaxxer.hikari.HikariDataSource >>> HikariPool-1 - Starting...
2021-05-26 22:33:42.832 >>> [main] >>> WARN  >>> com.zaxxer.hikari.util.DriverDataSource >>> Registered driver with driverClassName=oracle.jdbc.driver.OracleDriver was not found, trying direct instantiation.
2021-05-26 22:33:43.284 >>> [main] >>> INFO  >>> com.zaxxer.hikari.HikariDataSource >>> HikariPool-1 - Start completed.
2021-05-26 22:33:43.575 >>> [SpringContextShutdownHook] >>> INFO  >>> o.s.scheduling.concurrent.ThreadPoolTaskExecutor >>> Shutting down ExecutorService 'applicationTaskExecutor'
2021-05-26 22:33:43.577 >>> [SpringContextShutdownHook] >>> INFO  >>> com.zaxxer.hikari.HikariDataSource >>> HikariPool-1 - Shutdown initiated...
2021-05-26 22:33:43.601 >>> [SpringContextShutdownHook] >>> INFO  >>> com.zaxxer.hikari.HikariDataSource >>> HikariPool-1 - Shutdown completed.
2021-05-26 22:36:08.805 >>> [main] >>> WARN  >>> o.s.b.t.j.DuplicateJsonObjectContextCustomizerFactory$DuplicateJsonObjectContextCustomizer >>> 

Found multiple occurrences of org.json.JSONObject on the class path:

	jar:file:/Users/liuyongyu/.m2/repository/com/vaadin/external/google/android-json/0.0.20131108.vaadin1/android-json-0.0.20131108.vaadin1.jar!/org/json/JSONObject.class
	jar:file:/Users/liuyongyu/.m2/repository/org/json/json/20210307/json-20210307.jar!/org/json/JSONObject.class

You may wish to exclude one of them to ensure predictable runtime behavior

2021-05-26 22:36:08.830 >>> [main] >>> INFO  >>> com.lyy.uploadfile.UploadfileApplicationTests >>> Starting UploadfileApplicationTests on 192.168.2.103 with PID 7629 (started by liuyongyu in /Users/liuyongyu/IdeaProjects/tool/uploadfile)
2021-05-26 22:36:08.831 >>> [main] >>> INFO  >>> com.lyy.uploadfile.UploadfileApplicationTests >>> No active profile set, falling back to default profiles: default
2021-05-26 22:36:10.755 >>> [main] >>> INFO  >>> o.s.scheduling.concurrent.ThreadPoolTaskExecutor >>> Initializing ExecutorService 'applicationTaskExecutor'
2021-05-26 22:36:11.119 >>> [main] >>> INFO  >>> com.lyy.uploadfile.UploadfileApplicationTests >>> Started UploadfileApplicationTests in 2.537 seconds (JVM running for 3.736)
2021-05-26 22:36:11.329 >>> [main] >>> INFO  >>> com.zaxxer.hikari.HikariDataSource >>> HikariPool-1 - Starting...
2021-05-26 22:36:11.333 >>> [main] >>> WARN  >>> com.zaxxer.hikari.util.DriverDataSource >>> Registered driver with driverClassName=oracle.jdbc.driver.OracleDriver was not found, trying direct instantiation.
2021-05-26 22:36:11.786 >>> [main] >>> INFO  >>> com.zaxxer.hikari.HikariDataSource >>> HikariPool-1 - Start completed.
2021-05-26 22:36:12.072 >>> [SpringContextShutdownHook] >>> INFO  >>> o.s.scheduling.concurrent.ThreadPoolTaskExecutor >>> Shutting down ExecutorService 'applicationTaskExecutor'
2021-05-26 22:36:12.073 >>> [SpringContextShutdownHook] >>> INFO  >>> com.zaxxer.hikari.HikariDataSource >>> HikariPool-1 - Shutdown initiated...
2021-05-26 22:36:12.089 >>> [SpringContextShutdownHook] >>> INFO  >>> com.zaxxer.hikari.HikariDataSource >>> HikariPool-1 - Shutdown completed.
2021-05-26 22:39:11.833 >>> [main] >>> WARN  >>> o.s.b.t.j.DuplicateJsonObjectContextCustomizerFactory$DuplicateJsonObjectContextCustomizer >>> 

Found multiple occurrences of org.json.JSONObject on the class path:

	jar:file:/Users/liuyongyu/.m2/repository/com/vaadin/external/google/android-json/0.0.20131108.vaadin1/android-json-0.0.20131108.vaadin1.jar!/org/json/JSONObject.class
	jar:file:/Users/liuyongyu/.m2/repository/org/json/json/20210307/json-20210307.jar!/org/json/JSONObject.class

You may wish to exclude one of them to ensure predictable runtime behavior

2021-05-26 22:39:11.857 >>> [main] >>> INFO  >>> com.lyy.uploadfile.UploadfileApplicationTests >>> Starting UploadfileApplicationTests on 192.168.2.103 with PID 7638 (started by liuyongyu in /Users/liuyongyu/IdeaProjects/tool/uploadfile)
2021-05-26 22:39:11.858 >>> [main] >>> INFO  >>> com.lyy.uploadfile.UploadfileApplicationTests >>> No active profile set, falling back to default profiles: default
2021-05-26 22:39:13.770 >>> [main] >>> INFO  >>> o.s.scheduling.concurrent.ThreadPoolTaskExecutor >>> Initializing ExecutorService 'applicationTaskExecutor'
2021-05-26 22:39:14.128 >>> [main] >>> INFO  >>> com.lyy.uploadfile.UploadfileApplicationTests >>> Started UploadfileApplicationTests in 2.512 seconds (JVM running for 3.54)
2021-05-26 22:39:14.343 >>> [main] >>> INFO  >>> com.zaxxer.hikari.HikariDataSource >>> HikariPool-1 - Starting...
2021-05-26 22:39:14.348 >>> [main] >>> WARN  >>> com.zaxxer.hikari.util.DriverDataSource >>> Registered driver with driverClassName=oracle.jdbc.driver.OracleDriver was not found, trying direct instantiation.
2021-05-26 22:39:14.788 >>> [main] >>> INFO  >>> com.zaxxer.hikari.HikariDataSource >>> HikariPool-1 - Start completed.
2021-05-26 22:39:15.060 >>> [SpringContextShutdownHook] >>> INFO  >>> o.s.scheduling.concurrent.ThreadPoolTaskExecutor >>> Shutting down ExecutorService 'applicationTaskExecutor'
2021-05-26 22:39:15.062 >>> [SpringContextShutdownHook] >>> INFO  >>> com.zaxxer.hikari.HikariDataSource >>> HikariPool-1 - Shutdown initiated...
2021-05-26 22:39:15.089 >>> [SpringContextShutdownHook] >>> INFO  >>> com.zaxxer.hikari.HikariDataSource >>> HikariPool-1 - Shutdown completed.
2021-05-26 22:39:38.005 >>> [main] >>> WARN  >>> o.s.b.t.j.DuplicateJsonObjectContextCustomizerFactory$DuplicateJsonObjectContextCustomizer >>> 

Found multiple occurrences of org.json.JSONObject on the class path:

	jar:file:/Users/liuyongyu/.m2/repository/com/vaadin/external/google/android-json/0.0.20131108.vaadin1/android-json-0.0.20131108.vaadin1.jar!/org/json/JSONObject.class
	jar:file:/Users/liuyongyu/.m2/repository/org/json/json/20210307/json-20210307.jar!/org/json/JSONObject.class

You may wish to exclude one of them to ensure predictable runtime behavior

2021-05-26 22:39:38.033 >>> [main] >>> INFO  >>> com.lyy.uploadfile.UploadfileApplicationTests >>> Starting UploadfileApplicationTests on 192.168.2.103 with PID 7649 (started by liuyongyu in /Users/liuyongyu/IdeaProjects/tool/uploadfile)
2021-05-26 22:39:38.035 >>> [main] >>> INFO  >>> com.lyy.uploadfile.UploadfileApplicationTests >>> No active profile set, falling back to default profiles: default
2021-05-26 22:39:40.390 >>> [main] >>> INFO  >>> o.s.scheduling.concurrent.ThreadPoolTaskExecutor >>> Initializing ExecutorService 'applicationTaskExecutor'
2021-05-26 22:39:40.758 >>> [main] >>> INFO  >>> com.lyy.uploadfile.UploadfileApplicationTests >>> Started UploadfileApplicationTests in 2.992 seconds (JVM running for 4.394)
2021-05-26 22:39:40.984 >>> [main] >>> INFO  >>> com.zaxxer.hikari.HikariDataSource >>> HikariPool-1 - Starting...
2021-05-26 22:39:40.989 >>> [main] >>> WARN  >>> com.zaxxer.hikari.util.DriverDataSource >>> Registered driver with driverClassName=oracle.jdbc.driver.OracleDriver was not found, trying direct instantiation.
2021-05-26 22:39:41.455 >>> [main] >>> INFO  >>> com.zaxxer.hikari.HikariDataSource >>> HikariPool-1 - Start completed.
2021-05-26 22:39:41.739 >>> [SpringContextShutdownHook] >>> INFO  >>> o.s.scheduling.concurrent.ThreadPoolTaskExecutor >>> Shutting down ExecutorService 'applicationTaskExecutor'
2021-05-26 22:39:41.742 >>> [SpringContextShutdownHook] >>> INFO  >>> com.zaxxer.hikari.HikariDataSource >>> HikariPool-1 - Shutdown initiated...
2021-05-26 22:39:41.763 >>> [SpringContextShutdownHook] >>> INFO  >>> com.zaxxer.hikari.HikariDataSource >>> HikariPool-1 - Shutdown completed.
2021-05-26 22:40:52.260 >>> [main] >>> WARN  >>> o.s.b.t.j.DuplicateJsonObjectContextCustomizerFactory$DuplicateJsonObjectContextCustomizer >>> 

Found multiple occurrences of org.json.JSONObject on the class path:

	jar:file:/Users/liuyongyu/.m2/repository/com/vaadin/external/google/android-json/0.0.20131108.vaadin1/android-json-0.0.20131108.vaadin1.jar!/org/json/JSONObject.class
	jar:file:/Users/liuyongyu/.m2/repository/org/json/json/20210307/json-20210307.jar!/org/json/JSONObject.class

You may wish to exclude one of them to ensure predictable runtime behavior

2021-05-26 22:40:52.280 >>> [main] >>> INFO  >>> com.lyy.uploadfile.UploadfileApplicationTests >>> Starting UploadfileApplicationTests on 192.168.2.103 with PID 7670 (started by liuyongyu in /Users/liuyongyu/IdeaProjects/tool/uploadfile)
2021-05-26 22:40:52.281 >>> [main] >>> INFO  >>> com.lyy.uploadfile.UploadfileApplicationTests >>> No active profile set, falling back to default profiles: default
2021-05-26 22:40:54.183 >>> [main] >>> INFO  >>> o.s.scheduling.concurrent.ThreadPoolTaskExecutor >>> Initializing ExecutorService 'applicationTaskExecutor'
2021-05-26 22:40:54.566 >>> [main] >>> INFO  >>> com.lyy.uploadfile.UploadfileApplicationTests >>> Started UploadfileApplicationTests in 2.508 seconds (JVM running for 3.666)
2021-05-26 22:40:54.795 >>> [main] >>> INFO  >>> com.zaxxer.hikari.HikariDataSource >>> HikariPool-1 - Starting...
2021-05-26 22:40:54.800 >>> [main] >>> WARN  >>> com.zaxxer.hikari.util.DriverDataSource >>> Registered driver with driverClassName=oracle.jdbc.driver.OracleDriver was not found, trying direct instantiation.
2021-05-26 22:40:55.272 >>> [main] >>> INFO  >>> com.zaxxer.hikari.HikariDataSource >>> HikariPool-1 - Start completed.
2021-05-26 22:40:55.516 >>> [SpringContextShutdownHook] >>> INFO  >>> o.s.scheduling.concurrent.ThreadPoolTaskExecutor >>> Shutting down ExecutorService 'applicationTaskExecutor'
2021-05-26 22:40:55.519 >>> [SpringContextShutdownHook] >>> INFO  >>> com.zaxxer.hikari.HikariDataSource >>> HikariPool-1 - Shutdown initiated...
2021-05-26 22:40:55.536 >>> [SpringContextShutdownHook] >>> INFO  >>> com.zaxxer.hikari.HikariDataSource >>> HikariPool-1 - Shutdown completed.
